<?xml version="1.0" encoding="UTF-8"?>
<!-- Generated by org.testng.reporters.JUnitXMLReporter -->
<testsuite hostname="Karthik" failures="0" tests="4" name="Test" time="46.798" errors="0" timestamp="7 Jan 2021 17:18:00 GMT">
  <testcase classname="Fbtest.testCase1" name="fbLoginPage" time="8.203"/>
  <testcase classname="Fbtest.testCase1" name="fbForgot" time="11.826"/>
  <testcase classname="Fbtest.testCase1" name="fbCreateacct" time="9.466"/>
  <testcase classname="Fbtest.testCase1" name="fbLogin" time="10.242"/>
</testsuite> <!-- Test -->
