<?xml version="1.0" encoding="UTF-8"?>
<!-- Generated by org.testng.reporters.JUnitXMLReporter -->
<testsuite ignored="0" hostname="Karthik" failures="0" tests="4" name="Default test" time="46.581" errors="0" timestamp="2020-11-29T20:26:05 IST">
  <testcase classname="Fbtest.testCase1" name="fbLoginPage" time="8.114"/>
  <testcase classname="Fbtest.testCase1" name="fbForgot" time="11.55"/>
  <testcase classname="Fbtest.testCase1" name="fbCreateacct" time="9.397"/>
  <testcase classname="Fbtest.testCase1" name="fbLogin" time="10.284"/>
</testsuite> <!-- Default test -->
