<?xml version="1.0" encoding="UTF-8"?>
<testng-results total="4" passed="4" failed="0" skipped="0">
  <reporter-output>
  </reporter-output>
  <suite started-at="2021-01-07T17:17:13Z" name="Suite" finished-at="2021-01-07T17:18:00Z" duration-ms="46798">
    <groups>
    </groups>
    <test started-at="2021-01-07T17:17:13Z" name="Test" finished-at="2021-01-07T17:18:00Z" duration-ms="46798">
      <class name="Fbtest.testCase1">
        <test-method is-config="true" signature="browserLaunch()[pri:0, instance:Fbtest.testCase1@4dbb42b7]" started-at="2021-01-07T22:47:13Z" name="browserLaunch" finished-at="2021-01-07T22:47:19Z" duration-ms="6154" status="PASS">
          <reporter-output>
          </reporter-output>
        </test-method> <!-- browserLaunch -->
        <test-method signature="fbLoginPage()[pri:0, instance:Fbtest.testCase1@4dbb42b7]" started-at="2021-01-07T22:47:19Z" name="fbLoginPage" finished-at="2021-01-07T22:47:27Z" duration-ms="8203" status="PASS">
          <reporter-output>
          </reporter-output>
        </test-method> <!-- fbLoginPage -->
        <test-method signature="fbForgot()[pri:0, instance:Fbtest.testCase1@4dbb42b7]" started-at="2021-01-07T22:47:27Z" name="fbForgot" finished-at="2021-01-07T22:47:39Z" duration-ms="11826" status="PASS">
          <reporter-output>
          </reporter-output>
        </test-method> <!-- fbForgot -->
        <test-method signature="fbCreateacct()[pri:0, instance:Fbtest.testCase1@4dbb42b7]" started-at="2021-01-07T22:47:39Z" name="fbCreateacct" finished-at="2021-01-07T22:47:49Z" duration-ms="9466" status="PASS">
          <reporter-output>
          </reporter-output>
        </test-method> <!-- fbCreateacct -->
        <test-method signature="fbLogin()[pri:0, instance:Fbtest.testCase1@4dbb42b7]" started-at="2021-01-07T22:47:49Z" name="fbLogin" finished-at="2021-01-07T22:47:59Z" duration-ms="10242" status="PASS">
          <reporter-output>
          </reporter-output>
        </test-method> <!-- fbLogin -->
        <test-method is-config="true" signature="browserClose()[pri:0, instance:Fbtest.testCase1@4dbb42b7]" started-at="2021-01-07T22:47:59Z" name="browserClose" finished-at="2021-01-07T22:48:00Z" duration-ms="886" status="PASS">
          <reporter-output>
          </reporter-output>
        </test-method> <!-- browserClose -->
      </class> <!-- Fbtest.testCase1 -->
    </test> <!-- Test -->
  </suite> <!-- Suite -->
</testng-results>
